[2025-10-21 21:26:05] Ӵ洢A-1500
[2025-10-21 21:27:02] ӿݣ123ȡ룺YZ-8313
[2025-10-21 21:27:02] ݵ洢123A-1
[2025-10-21 21:27:02] /û178****1244
[2025-10-24 15:16:57] ӿݣ1233ȡ룺YZ-8876
[2025-10-24 15:16:57] ݵ洢1233A-1
[2025-10-24 15:16:57] /û195****6301
[2025-10-28 16:05:43] ӿݣ321ȡ룺YZ-7151
[2025-10-28 16:05:43] ݵ洢321A-1
[2025-10-28 16:05:43] /û178****1244
[2025-10-28 16:06:04] ӿݣ231ȡ룺YZ-0753
[2025-10-28 16:06:04] ݵ洢231A-1
[2025-10-28 16:06:04] /û178****1244
[2025-11-30 17:01:12] ع[2025-10-28 16:06:04] /û178****1244
[2025-11-30 17:01:31] عع[2025-10-28 16:06:04] /û178****1244
[2025-11-30 21:59:09] ӿݣ123123ȡ룺YZ-2874
[2025-11-30 21:59:09] ݵ洢123123A-1
[2025-11-30 21:59:09] /û123****2312
[2025-11-30 22:05:03] ӿݣ123123ȡ룺YZ-1450
[2025-11-30 22:05:03] ݵ洢123123A-1
[2025-11-30 22:05:03] /û123****2312
[2025-11-30 22:06:54] ¿״̬123123在库已取
[2025-11-30 22:06:54] Ӵ洢ƳݣA-1123123
[2025-11-30 22:06:54] ûȡ¼123****2312123123
[2025-11-30 22:19:36] ¿״̬123在库异常
[2025-11-30 22:19:36] 쳣¼AR2025-11-30597丢失
[2025-11-30 22:21:28] 쳣¼AR2025-11-30597处理中
[2025-11-30 22:28:26] ¿״̬123在库异常
[2025-11-30 22:28:26] 쳣¼AR2025-11-30528丢失
[2025-11-30 22:33:14] ¿״̬123在库异常
[2025-11-30 22:33:14] 쳣¼AR2025-11-30568丢失
[2025-11-30 22:33:32] 쳣¼AR2025-11-30568Ѵ
[2025-11-30 22:33:47] ɾѴ쳣¼AR2025-11-30568
[2025-11-30 22:44:11] ¿״̬123异常异常
[2025-11-30 22:44:11] 쳣¼AR2025-11-30595丢失
[2025-11-30 22:44:38] 쳣¼AR2025-11-30595Ѵ
[2025-11-30 22:46:03] ɾѴ쳣¼AR2025-11-30595
[2025-11-30 22:55:58] Ӵ洢A-2100
[2025-11-30 22:56:14] ´洢A-2100200
[2025-11-30 22:56:42] ´洢A-2200100
[2025-11-30 22:58:04] ӿݣ123123ȡ룺YZ-4178
[2025-11-30 22:58:04] ݵ洢123123A-2
[2025-11-30 22:58:04] /û123****2312
[2025-11-30 23:07:31] Ӵ洢A-2100
[2025-11-30 23:07:46] ӿݣ123123ȡ룺AR-185828
[2025-11-30 23:07:46] ݵ洢123123A-2
[2025-11-30 23:07:46] /û123****2312
[2025-11-30 23:15:43] ع[2025-11-30 23:07:46] /û123****2312
[2025-11-30 23:15:55] عع[2025-11-30 23:07:46] /û123****2312
[2025-11-30 23:18:06] ӿݣ123123123ȡ룺YZ-3471
[2025-11-30 23:18:06] ݵ洢123123123A-1
[2025-11-30 23:18:06] /û123****2312
[2025-11-30 23:23:47] ӿݣ123123ȡ룺YZ-0612
[2025-11-30 23:23:47] ݵ洢123123A-1
[2025-11-30 23:23:47] /û123****2312
[2025-11-30 23:24:19] ¿״̬123123在库异常
[2025-11-30 23:24:19] 쳣¼AR2025-11-30482丢失
[2025-11-30 23:25:09] ӿݣ123123ȡ룺YZ-2534
[2025-11-30 23:25:09] ݵ洢123123A-1
[2025-11-30 23:25:09] /û123****2312
[2025-11-30 23:25:58] ¿״̬123123在库异常
[2025-11-30 23:25:58] 쳣¼AR2025-11-30986丢失
[2025-11-30 23:26:15] ¿״̬123123异常异常
[2025-11-30 23:26:15] 쳣¼AR2025-11-30437丢失
[2025-11-30 23:28:42] ¿״̬123123异常异常
[2025-11-30 23:28:42] 쳣¼AR2025-11-30990丢失
[2025-11-30 23:35:23] ӿݣ123123ȡ룺YZ-6196
[2025-11-30 23:35:23] ݵ洢123123A-1
[2025-11-30 23:35:23] /û123****2312
[2025-11-30 23:36:35] ¿״̬123123在库异常
[2025-11-30 23:36:35] 쳣¼AR2025-11-30580丢失
[2025-11-30 23:37:33] 쳣¼AR2025-11-30580Ѵ
